/attachments: ["get"]
/auth/me: ["get"]
/core/households: ["get","post"]
/core/households/{id}: ["delete","get","patch"]
/core/households/{id}/memberships: ["get"]
/core/initiatives: ["get","post"]
/core/initiatives/{id}: ["delete","get","patch"]
/core/relations: ["get","post"]
/core/relations/{id}: ["delete","get"]
/core/relations/{id}/status: ["patch"]
/core/tags: ["get","post"]
/core/tags/{id}: ["delete","get","patch"]
/guidance/quests: ["get"]
/guidance/routines: ["get"]
/health: ["get"]
/knowledge/notes: ["get"]
/search: ["get"]
/sync/checkpoint: ["get"]
/tracking/items: ["get"]
/users/me: ["get"]
