TASK: Add utoipa dependencies & configure OpenAPI builder
DATE: 2026-03-14

VERIFICATION: cargo check
STATUS: PASSED (exit code 0)

Output:
    Updating crates.io index
     Locking 19 packages to latest Rust 1.77.2 compatible versions
      Adding arbitrary v1.4.2
      Adding async-trait v0.1.89
      Adding axum v0.7.9
      Adding axum-core v0.4.5
      Adding derive_arbitrary v1.4.2
      Adding matchit v0.7.3
      Adding mime_guess v2.0.5
      Adding paste v1.0.15
      Adding rust-embed v8.11.0
      Adding rust-embed-impl v8.11.0
      Adding rust-embed-utils v8.11.0
      Adding unicase v2.9.0
      Adding utoipa v5.4.0
      Adding utoipa-axum v0.1.3 (available: v0.2.0)
      Adding utoipa-gen v5.4.0
      Adding utoipa-scalar v0.2.0 (available: v0.3.0)
      Adding utoipa-swagger-ui v8.1.0 (available: v9.0.2)
      Adding zip v2.4.2
      Adding zopfli v0.8.3
 Downloading crates ...
  Downloaded rust-embed-impl v8.11.0
  Downloaded rust-embed-utils v8.11.0
  Downloaded rust-embed v8.11.0
  Downloaded utoipa-swagger-ui v8.1.0
  Downloaded utoipa-axum v0.1.3
  Downloaded utoipa-scalar v0.2.0
   Compiling uuid v1.20.0
    Checking indexmap v2.11.4
   Compiling simd-adler32 v0.3.8
   Compiling bumpalo v3.20.2
   Compiling zip v2.4.2
   Compiling unicase v2.9.0
   Compiling rust-embed-utils v8.11.0
   Compiling async-trait v0.1.89
   Compiling paste v1.0.15
    Checking md-5 v0.10.6
    Checking matchit v0.7.3
   Compiling miniz_oxide v0.8.9
   Compiling rust-embed-impl v8.11.0
   Compiling mime_guess v2.0.5
   Compiling zopfli v0.8.3
   Compiling sqlx-core v0.8.6
   Compiling utoipa-gen v5.4.0
    Checking rust-embed v8.11.0
   Compiling flate2 v1.1.9
    Checking axum-core v0.4.5
   Compiling utoipa-swagger-ui v8.1.0
    Checking axum v0.7.9
    Checking sqlx-sqlite v0.8.6
    Checking sqlx-postgres v0.8.6
    Checking utoipa v5.4.0
    Checking utoipa-scalar v0.2.0
    Checking utoipa-axum v0.1.3
   Compiling sqlx-macros-core v0.8.6
   Compiling sqlx-macros v0.8.6
    Checking sqlx v0.8.6
    Checking server v0.1.0 (/home/rghamilton3/workspace/getaltair/altair/apps/server)
    Finished `dev` profile [unoptimized + debuginfo] target(s) in 7.83s
